<?xml version="1.0" encoding="UTF-8"?>
<!-- Generated by org.testng.reporters.JUnitReportReporter -->
<testsuite hostname="DESKTOP-LQEM3VC" failures="0" tests="1" name="elahi.mugdha.sqa.ANDOperator" time="0.317" errors="0" timestamp="2024-04-25T03:15:15 EDT" skipped="0">
  <testcase classname="elahi.mugdha.sqa.ANDOperator" name="andOperator" time="0.317"/>
</testsuite> <!-- elahi.mugdha.sqa.ANDOperator -->
