<?xml version="1.0" encoding="UTF-8"?>
<!-- Generated by org.testng.reporters.JUnitReportReporter -->
<testsuite hostname="DESKTOP-LQEM3VC" failures="0" tests="1" name="elahi.mugdha.sqa.LIMIT" time="0.831" errors="0" timestamp="2024-05-14T23:24:20 EDT" skipped="0">
  <testcase classname="elahi.mugdha.sqa.LIMIT" name="limit" time="0.831"/>
</testsuite> <!-- elahi.mugdha.sqa.LIMIT -->
