<?xml version="1.0" encoding="UTF-8"?>
<!-- Generated by org.testng.reporters.JUnitReportReporter -->
<testsuite hostname="DESKTOP-LQEM3VC" failures="0" tests="1" name="elahi.mugdha.sqa.COUNT_Functions" time="0.339" errors="0" timestamp="2024-04-25T08:47:01 EDT" skipped="0">
  <testcase classname="elahi.mugdha.sqa.COUNT_Functions" name="count" time="0.339"/>
</testsuite> <!-- elahi.mugdha.sqa.COUNT_Functions -->
