<?xml version="1.0" encoding="UTF-8"?>
<!-- Generated by org.testng.reporters.JUnitReportReporter -->
<testsuite hostname="DESKTOP-LQEM3VC" failures="0" tests="1" name="elahi.mugdha.sqa.DeleteQuery" time="0.296" errors="0" timestamp="2024-05-03T22:21:15 EDT" skipped="0">
  <testcase classname="elahi.mugdha.sqa.DeleteQuery" name="delete" time="0.296"/>
</testsuite> <!-- elahi.mugdha.sqa.DeleteQuery -->
