<?xml version="1.0" encoding="UTF-8"?>
<!-- Generated by org.testng.reporters.JUnitReportReporter -->
<testsuite hostname="DESKTOP-LQEM3VC" failures="0" tests="1" name="elahi.mugdha.sqa.SelectDistinct" time="0.303" errors="0" timestamp="2024-05-01T20:56:11 EDT" skipped="0">
  <testcase classname="elahi.mugdha.sqa.SelectDistinct" name="selectDistinct" time="0.303"/>
</testsuite> <!-- elahi.mugdha.sqa.SelectDistinct -->
