<?xml version="1.0" encoding="UTF-8"?>
<!-- Generated by org.testng.reporters.JUnitReportReporter -->
<testsuite hostname="DESKTOP-LQEM3VC" failures="0" tests="1" name="elahi.mugdha.sqa.INNER_JOIN" time="0.883" errors="0" timestamp="2024-04-27T22:13:02 EDT" skipped="0">
  <testcase classname="elahi.mugdha.sqa.INNER_JOIN" name="innerJoin" time="0.883"/>
</testsuite> <!-- elahi.mugdha.sqa.INNER_JOIN -->
